<?xml version="1.0" encoding="UTF-8"?>
<!-- Generated by org.testng.reporters.JUnitReportReporter -->
<testsuite hostname="DESKTOP-9DJFDHQ" failures="0" tests="2" name="com.regression.RunnerFile" time="22.973" errors="0" timestamp="2024-11-29T18:27:07 EST" skipped="0">
  <testcase classname="com.regression.RunnerFile" name="runScenario" time="12.134"/>
  <system-out/>
  <testcase classname="com.regression.RunnerFile" name="runScenario" time="10.839"/>
  <system-out/>
</testsuite> <!-- com.regression.RunnerFile -->
